<?xml version="1.0" encoding="UTF-8"?>
<testng-results skipped="1" failed="1" ignored="0" total="4" passed="2">
  <reporter-output>
    <line>
      <![CDATA[The OrangeHRM website is Launched]]>
    </line>
    <line>
      <![CDATA[Window is Maximized]]>
    </line>
    <line>
      <![CDATA[The Page Title = OrangeHRM]]>
    </line>
    <line>
      <![CDATA[Logged in User Name = Welcome Paul1]]>
    </line>
    <line>
      <![CDATA[Browser is Getting closed]]>
    </line>
  </reporter-output>
  <suite name="Vijay Customized TestNG Suite" duration-ms="96101" started-at="2022-07-08T11:44:11Z" finished-at="2022-07-08T11:45:47Z">
    <groups>
    </groups>
    <test name="Quick Test Results" duration-ms="96101" started-at="2022-07-08T11:44:11Z" finished-at="2022-07-08T11:45:47Z">
      <class name="tests.LoginTest">
        <test-method status="PASS" signature="setOutputDirectory(org.testng.ITestContext)[pri:0, instance:tests.LoginTest@1a0dcaa]" name="setOutputDirectory" is-config="true" duration-ms="18" started-at="2022-07-08T11:44:11Z" finished-at="2022-07-08T11:44:11Z">
          <params>
            <param index="0">
              <value>
                <![CDATA[org.testng.TestRunner@6a00397c]]>
              </value>
            </param>
          </params>
          <reporter-output>
          </reporter-output>
        </test-method> <!-- setOutputDirectory -->
        <test-method status="PASS" signature="setUp()[pri:0, instance:tests.LoginTest@1a0dcaa]" name="setUp" is-config="true" duration-ms="42494" started-at="2022-07-08T11:44:11Z" finished-at="2022-07-08T11:44:54Z">
          <reporter-output>
            <line>
              <![CDATA[The OrangeHRM website is Launched]]>
            </line>
            <line>
              <![CDATA[Window is Maximized]]>
            </line>
          </reporter-output>
        </test-method> <!-- setUp -->
        <test-method status="PASS" signature="openAppTest()[pri:1, instance:tests.LoginTest@1a0dcaa]" name="openAppTest" duration-ms="314" started-at="2022-07-08T11:44:54Z" finished-at="2022-07-08T11:44:54Z">
          <reporter-output>
            <line>
              <![CDATA[The Page Title = OrangeHRM]]>
            </line>
          </reporter-output>
        </test-method> <!-- openAppTest -->
        <test-method status="SKIP" signature="loginTest()[pri:2, instance:tests.LoginTest@1a0dcaa]" name="loginTest" duration-ms="15066" started-at="2022-07-08T11:44:54Z" finished-at="2022-07-08T11:45:10Z">
          <exception class="java.lang.AssertionError">
            <message>
              <![CDATA[LoggedInUsr expected [Welcome satish] but found [Welcome Paul1]]]>
            </message>
            <full-stacktrace>
              <![CDATA[java.lang.AssertionError: LoggedInUsr expected [Welcome satish] but found [Welcome Paul1]
at org.testng.Assert.fail(Assert.java:96)
at org.testng.Assert.failNotEquals(Assert.java:776)
at org.testng.Assert.assertEqualsImpl(Assert.java:137)
at org.testng.Assert.assertEquals(Assert.java:118)
at org.testng.Assert.assertEquals(Assert.java:453)
at tests.LoginTest.loginTest(LoginTest.java:96)
at sun.reflect.NativeMethodAccessorImpl.invoke0(Native Method)
at sun.reflect.NativeMethodAccessorImpl.invoke(NativeMethodAccessorImpl.java:62)
at sun.reflect.DelegatingMethodAccessorImpl.invoke(DelegatingMethodAccessorImpl.java:43)
at java.lang.reflect.Method.invoke(Method.java:498)
at org.testng.internal.MethodInvocationHelper.invokeMethod(MethodInvocationHelper.java:124)
at org.testng.internal.Invoker.invokeMethod(Invoker.java:583)
at org.testng.internal.Invoker.invokeTestMethod(Invoker.java:719)
at org.testng.internal.Invoker.invokeTestMethods(Invoker.java:989)
at org.testng.internal.TestMethodWorker.invokeTestMethods(TestMethodWorker.java:125)
at org.testng.internal.TestMethodWorker.run(TestMethodWorker.java:109)
at java.util.concurrent.ThreadPoolExecutor.runWorker(ThreadPoolExecutor.java:1149)
at java.util.concurrent.ThreadPoolExecutor$Worker.run(ThreadPoolExecutor.java:624)
at java.lang.Thread.run(Thread.java:748)
]]>
            </full-stacktrace>
          </exception> <!-- java.lang.AssertionError -->
          <reporter-output>
            <line>
              <![CDATA[Logged in User Name = Welcome Paul1]]>
            </line>
          </reporter-output>
        </test-method> <!-- loginTest -->
        <test-method status="FAIL" signature="loginTest()[pri:2, instance:tests.LoginTest@1a0dcaa]" name="loginTest" duration-ms="30993" started-at="2022-07-08T11:45:10Z" finished-at="2022-07-08T11:45:41Z">
          <exception class="org.openqa.selenium.NoSuchElementException">
            <message>
              <![CDATA[no such element: Unable to locate element: {"method":"css selector","selector":"input#txtUsername"}
  (Session info: chrome=103.0.5060.114)
For documentation on this error, please visit: https://www.seleniumhq.org/exceptions/no_such_element.html
Build info: version: '3.141.59', revision: 'e82be7d358', time: '2018-11-14T08:17:03'
System info: host: 'DESKTOP-C5FUFS1', ip: '10.0.2.67', os.name: 'Windows 10', os.arch: 'amd64', os.version: '10.0', java.version: '1.8.0_241'
Driver info: org.openqa.selenium.chrome.ChromeDriver
Capabilities {acceptInsecureCerts: false, browserName: chrome, browserVersion: 103.0.5060.114, chrome: {chromedriverVersion: 102.0.5005.61 (0e59bcc00cc4..., userDataDir: C:\Users\pvbra\AppData\Loca...}, goog:chromeOptions: {debuggerAddress: localhost:50922}, javascriptEnabled: true, networkConnectionEnabled: false, pageLoadStrategy: normal, platform: WINDOWS, platformName: WINDOWS, proxy: Proxy(), setWindowRect: true, strictFileInteractability: false, timeouts: {implicit: 0, pageLoad: 300000, script: 30000}, unhandledPromptBehavior: dismiss and notify, webauthn:extension:credBlob: true, webauthn:extension:largeBlob: true, webauthn:virtualAuthenticators: true}
Session ID: a4f89506e2b3fcfa3abba70af5542b79
*** Element info: {Using=css selector, value=input#txtUsername}]]>
            </message>
            <full-stacktrace>
              <![CDATA[org.openqa.selenium.NoSuchElementException: no such element: Unable to locate element: {"method":"css selector","selector":"input#txtUsername"}
  (Session info: chrome=103.0.5060.114)
For documentation on this error, please visit: https://www.seleniumhq.org/exceptions/no_such_element.html
Build info: version: '3.141.59', revision: 'e82be7d358', time: '2018-11-14T08:17:03'
System info: host: 'DESKTOP-C5FUFS1', ip: '10.0.2.67', os.name: 'Windows 10', os.arch: 'amd64', os.version: '10.0', java.version: '1.8.0_241'
Driver info: org.openqa.selenium.chrome.ChromeDriver
Capabilities {acceptInsecureCerts: false, browserName: chrome, browserVersion: 103.0.5060.114, chrome: {chromedriverVersion: 102.0.5005.61 (0e59bcc00cc4..., userDataDir: C:\Users\pvbra\AppData\Loca...}, goog:chromeOptions: {debuggerAddress: localhost:50922}, javascriptEnabled: true, networkConnectionEnabled: false, pageLoadStrategy: normal, platform: WINDOWS, platformName: WINDOWS, proxy: Proxy(), setWindowRect: true, strictFileInteractability: false, timeouts: {implicit: 0, pageLoad: 300000, script: 30000}, unhandledPromptBehavior: dismiss and notify, webauthn:extension:credBlob: true, webauthn:extension:largeBlob: true, webauthn:virtualAuthenticators: true}
Session ID: a4f89506e2b3fcfa3abba70af5542b79
*** Element info: {Using=css selector, value=input#txtUsername}
at sun.reflect.NativeConstructorAccessorImpl.newInstance0(Native Method)
at sun.reflect.NativeConstructorAccessorImpl.newInstance(NativeConstructorAccessorImpl.java:62)
at sun.reflect.DelegatingConstructorAccessorImpl.newInstance(DelegatingConstructorAccessorImpl.java:45)
at java.lang.reflect.Constructor.newInstance(Constructor.java:423)
at org.openqa.selenium.remote.http.W3CHttpResponseCodec.createException(W3CHttpResponseCodec.java:187)
at org.openqa.selenium.remote.http.W3CHttpResponseCodec.decode(W3CHttpResponseCodec.java:122)
at org.openqa.selenium.remote.http.W3CHttpResponseCodec.decode(W3CHttpResponseCodec.java:49)
at org.openqa.selenium.remote.HttpCommandExecutor.execute(HttpCommandExecutor.java:158)
at org.openqa.selenium.remote.service.DriverCommandExecutor.execute(DriverCommandExecutor.java:83)
at org.openqa.selenium.remote.RemoteWebDriver.execute(RemoteWebDriver.java:552)
at org.openqa.selenium.remote.RemoteWebDriver.findElement(RemoteWebDriver.java:323)
at org.openqa.selenium.remote.RemoteWebDriver.findElementByCssSelector(RemoteWebDriver.java:420)
at org.openqa.selenium.By$ByCssSelector.findElement(By.java:431)
at org.openqa.selenium.remote.RemoteWebDriver.findElement(RemoteWebDriver.java:315)
at pageObjects.SignInPage.enterUsername(SignInPage.java:34)
at pageObjects.SignInPage.loginToSite(SignInPage.java:66)
at tests.LoginTest.loginTest(LoginTest.java:92)
at sun.reflect.NativeMethodAccessorImpl.invoke0(Native Method)
at sun.reflect.NativeMethodAccessorImpl.invoke(NativeMethodAccessorImpl.java:62)
at sun.reflect.DelegatingMethodAccessorImpl.invoke(DelegatingMethodAccessorImpl.java:43)
at java.lang.reflect.Method.invoke(Method.java:498)
at org.testng.internal.MethodInvocationHelper.invokeMethod(MethodInvocationHelper.java:124)
at org.testng.internal.Invoker.invokeMethod(Invoker.java:583)
at org.testng.internal.Invoker.retryFailed(Invoker.java:839)
at org.testng.internal.Invoker.invokeTestMethods(Invoker.java:1010)
at org.testng.internal.TestMethodWorker.invokeTestMethods(TestMethodWorker.java:125)
at org.testng.internal.TestMethodWorker.run(TestMethodWorker.java:109)
at java.util.concurrent.ThreadPoolExecutor.runWorker(ThreadPoolExecutor.java:1149)
at java.util.concurrent.ThreadPoolExecutor$Worker.run(ThreadPoolExecutor.java:624)
at java.lang.Thread.run(Thread.java:748)
]]>
            </full-stacktrace>
          </exception> <!-- org.openqa.selenium.NoSuchElementException -->
          <reporter-output>
          </reporter-output>
        </test-method> <!-- loginTest -->
        <test-method status="PASS" signature="logoutUserTest()[pri:3, instance:tests.LoginTest@1a0dcaa]" name="logoutUserTest" duration-ms="3132" started-at="2022-07-08T11:45:41Z" finished-at="2022-07-08T11:45:44Z">
          <reporter-output>
          </reporter-output>
        </test-method> <!-- logoutUserTest -->
        <test-method status="PASS" signature="tearDown()[pri:0, instance:tests.LoginTest@1a0dcaa]" name="tearDown" is-config="true" duration-ms="3275" started-at="2022-07-08T11:45:44Z" finished-at="2022-07-08T11:45:47Z">
          <reporter-output>
            <line>
              <![CDATA[Browser is Getting closed]]>
            </line>
          </reporter-output>
        </test-method> <!-- tearDown -->
      </class> <!-- tests.LoginTest -->
    </test> <!-- Quick Test Results -->
  </suite> <!-- Vijay Customized TestNG Suite -->
</testng-results>
